LiveHelper/proguard/seeds.txt
com.example.mystructs.app.MainActivity
com.example.mystructs.app.MainActivity: MainActivity()
com.example.mystructs.app.MyTabHost
com.example.mystructs.app.MyTabHost: MyTabHost(android.content.Context,android.util.AttributeSet)
com.example.mystructs.app.book.BookAccountActivity
com.example.mystructs.app.book.BookAccountActivity: BookAccountActivity()
com.example.mystructs.app.book.BookActivity
com.example.mystructs.app.book.BookActivity: BookActivity()
com.example.mystructs.app.book.PullDownView
com.example.mystructs.app.book.PullDownView: PullDownView(android.content.Context)
com.example.mystructs.app.book.PullDownView: PullDownView(android.content.Context,android.util.AttributeSet)
com.example.mystructs.app.book.ScrollOverListView
com.example.mystructs.app.book.ScrollOverListView: ScrollOverListView(android.content.Context,android.util.AttributeSet,int)
com.example.mystructs.app.book.ScrollOverListView: ScrollOverListView(android.content.Context,android.util.AttributeSet)
com.example.mystructs.app.cart.CartActivity
com.example.mystructs.app.cart.CartActivity: CartActivity()
com.example.mystructs.app.cart.CartAddActivity
com.example.mystructs.app.cart.CartAddActivity: CartAddActivity()
com.example.mystructs.app.cart.DialogCreate
com.example.mystructs.app.coin.CoinActivity
com.example.mystructs.app.coin.CoinActivity: CoinActivity()
com.example.mystructs.app.coin.CoinAddActivity
com.example.mystructs.app.coin.CoinAddActivity: CoinAddActivity()
com.example.mystructs.app.file.FileActivity
com.example.mystructs.app.file.FileActivity: FileActivity()
com.example.mystructs.app.file.FileDetailActivity
com.example.mystructs.app.file.FileDetailActivity: FileDetailActivity()
com.example.mystructs.app.file.ItemDetailActivity
com.example.mystructs.app.file.ItemDetailActivity: ItemDetailActivity()
com.example.mystructs.util.provider.DataProvider
com.example.mystructs.util.provider.DataProvider: DataProvider()
com.example.mystructs.util.versionupdate.UpdateActivity