LiveHelper/proguard/mapping.txt
com.example.mystructs.app.book.BookActivity$1 -> com.example.mystructs.app.book.e:
    com.example.mystructs.app.book.BookActivity this$0 -> a
    void handleMessage(android.os.Message) -> handleMessage
com.example.mystructs.app.book.BookActivity$2 -> com.example.mystructs.app.book.f:
    com.example.mystructs.app.book.BookActivity this$0 -> a
    void refreshData() -> a
com.example.mystructs.app.book.BookActivity$3 -> com.example.mystructs.app.book.g:
    com.example.mystructs.app.book.BookActivity this$0 -> a
    void run() -> run
com.example.mystructs.app.book.BookActivity$4 -> com.example.mystructs.app.book.h:
    com.example.mystructs.app.book.BookActivity this$0 -> a
    void run() -> run
com.example.mystructs.app.book.BookActivity$5 -> com.example.mystructs.app.book.i:
    com.example.mystructs.app.book.BookActivity this$0 -> a
    void run() -> run
com.example.mystructs.app.book.BookActivity$6 -> com.example.mystructs.app.book.j:
    com.example.mystructs.app.book.BookActivity this$0 -> a
    void onClick(android.content.DialogInterface,int) -> onClick
com.example.mystructs.app.book.BookActivity$7 -> com.example.mystructs.app.book.k:
    com.example.mystructs.app.book.BookActivity this$0 -> a
    void onClick(android.content.DialogInterface,int) -> onClick
com.example.mystructs.app.book.BookItemAdapter -> com.example.mystructs.app.book.l:
    android.content.Context context -> a
    java.util.List list -> b
    android.view.LayoutInflater inflater -> c
    void setList(java.util.List) -> a
    int getCount() -> getCount
    java.lang.Object getItem(int) -> getItem
    long getItemId(int) -> getItemId
    android.view.View getView(int,android.view.View,android.view.ViewGroup) -> getView
com.example.mystructs.app.book.BookItemAdapter$MyItem -> com.example.mystructs.app.book.m:
    android.widget.ImageView cNumber -> a
    android.widget.TextView cTitler -> b
    android.widget.TextView cId -> c
    android.widget.TextView cMoney -> d
    android.widget.TextView cDate -> e
    android.widget.ImageView cSpecial -> f
    android.widget.ImageView cAccount -> g
    void access$1(com.example.mystructs.app.book.BookItemAdapter$MyItem,android.widget.ImageView) -> a
    void access$2(com.example.mystructs.app.book.BookItemAdapter$MyItem,android.widget.TextView) -> a
    void access$3(com.example.mystructs.app.book.BookItemAdapter$MyItem,android.widget.TextView) -> b
    void access$4(com.example.mystructs.app.book.BookItemAdapter$MyItem,android.widget.TextView) -> c
    void access$5(com.example.mystructs.app.book.BookItemAdapter$MyItem,android.widget.TextView) -> d
    void access$6(com.example.mystructs.app.book.BookItemAdapter$MyItem,android.widget.ImageView) -> b
    void access$7(com.example.mystructs.app.book.BookItemAdapter$MyItem,android.widget.ImageView) -> c
    android.widget.TextView access$8(com.example.mystructs.app.book.BookItemAdapter$MyItem) -> a
    android.widget.TextView access$9(com.example.mystructs.app.book.BookItemAdapter$MyItem) -> b
    android.widget.TextView access$10(com.example.mystructs.app.book.BookItemAdapter$MyItem) -> c
    android.widget.TextView access$11(com.example.mystructs.app.book.BookItemAdapter$MyItem) -> d