LiveHelper/proguard/usage.txt
com.example.mystructs.BuildConfig
com.example.mystructs.R
com.example.mystructs.R$anim
com.example.mystructs.R$attr
com.example.mystructs.R$color
com.example.mystructs.R$dimen
com.example.mystructs.R$drawable
com.example.mystructs.R$id
com.example.mystructs.R$layout
com.example.mystructs.R$menu
com.example.mystructs.R$string
com.example.mystructs.R$style
com.example.mystructs.app.book.BookActivity:
    private static final int WHAT_DID_LOAD_DATA
    private static final int WHAT_DID_REFRESH
    private static final int WHAT_DID_MORE
com.example.mystructs.app.book.PullDownView:
    private static final java.lang.String TAG
    private static final int START_PULL_DEVIATION
    private static final int AUTO_INCREMENTAL
    private static final int WHAT_DID_LOAD_DATA
    private static final int WHAT_ON_REFRESH
    private static final int WHAT_DID_REFRESH
    private static final int WHAT_SET_HEADER_HEIGHT
    private static final int WHAT_DID_MORE
    private static final int WHAT_NONE_DATA
    private static final int DEFAULT_HEADER_VIEW_HEIGHT
    private static final int HEADER_VIEW_STATE_IDLE
    private static final int HEADER_VIEW_STATE_NOT_OVER_HEIGHT
    private static final int HEADER_VIEW_STATE_OVER_HEIGHT
    188:189:public void notifyNoneData()
com.example.mystructs.app.book.ScrollOverListView:
    22:24:public ScrollOverListView(android.content.Context,android.util.AttributeSet,int)
    26:28:public ScrollOverListView(android.content.Context,android.util.AttributeSet)
    151:157:public void setTopPosition(int)
com.example.mystructs.app.cart.CartActivity:
    private static final int WHAT_DID_LOAD_DATA
    private static final int WHAT_DID_REFRESH
    private static final int WHAT_DID_MORE
com.example.mystructs.app.cart.ProgressBarDialog:
    17:19:public ProgressBarDialog(android.content.Context)
    53:53:public com.example.mystructs.app.cart.ProgressBarDialog setTitile(java.lang.String)
com.example.mystructs.app.coin.CoinActivity:
    private static final int WHAT_DID_LOAD_DATA
    private static final int WHAT_DID_REFRESH
    private static final int WHAT_DID_MORE
com.example.mystructs.app.file.FileActivity:
    private static final int WHAT_DID_LOAD_DATA
    private static final int WHAT_DID_REFRESH
    private static final int WHAT_DID_MORE
com.example.mystructs.app.file.ItemDetailActivity:
    private static final int WHAT_DID_LOAD_DATA
    private static final int WHAT_DID_REFRESH
    private static final int WHAT_DID_MORE
com.example.mystructs.util.constant.Constant:
    public static final int DIALOG_ID_0
    public static final int DIALOG_ID_1
    public static final int DIALOG_ID_2
    public static final int DIALOG_ID_3
    public static final java.lang.String DATABASE_NAME
    public static final java.lang.String AUTOHORITY
    public static final java.lang.String CONTENT_TYPE
    public static final java.lang.String CONTENT_ITEM_TYPE
    public static final int VERSION
    public static final java.lang.String Table_Sort
    7:7:public Constant()
com.example.mystructs.util.constant.Constant$DB
com.example.mystructs.util.mention.MyToast:
    10:10:public MyToast()
com.example.mystructs.util.provider.DataBaseHelper:
    18:20:public DataBaseHelper(android.content.Context,java.lang.String,android.database.sqlite.SQLiteDatabase$CursorFactory,int)
com.example.mystructs.util.versionupdate.GetConfig:
    public static final java.lang.String UPDATE_SERVER
    public static final java.lang.String UPDATE_APKNAME
    public static final java.lang.String UPDATE_VERJSON
    public static final java.lang.String UPDATE_SAVENAME
    14:14:public GetConfig()
    41:48:public static java.lang.String getVersionName(android.content.Context)
com.example.mystructs.util.versionupdate.GetNetVersion:
    14:14:public GetNetVersion()
com.example.mystructs.util.versionupdate.UpdateActivity:
    private static final java.lang.String TAG
    171:178:void down()
    182:187:void update()